<?xml version="1.0" encoding="UTF-8"?>
<!-- Generated by org.testng.reporters.JUnitReportReporter -->
<testsuite hostname="LAPTOP-Q1PL3S50" failures="0" tests="2" name="loanDepartment.PersonalLoan" time="0.008" errors="0" timestamp="2024-03-28T22:22:09 IST" skipped="0">
  <testcase classname="loanDepartment.PersonalLoan" name="hl1" time="0.007"/>
  <system-out/>
  <testcase classname="loanDepartment.PersonalLoan" name="hl2" time="0.001"/>
  <system-out/>
</testsuite> <!-- loanDepartment.PersonalLoan -->
